<?xml version="1.0" encoding="UTF-8"?>
<!-- Generated by org.testng.reporters.JUnitReportReporter -->
<testsuite hostname="HbpSoft" failures="0" tests="1" name="com.test.iipsrv_api.apollo2_iipsrv_api" time="1.584" errors="0" timestamp="2024-05-20T12:56:50 IST" skipped="0">
  <testcase classname="com.test.iipsrv_api.apollo2_iipsrv_api" name="iipsrv" time="1.584"/>
</testsuite> <!-- com.test.iipsrv_api.apollo2_iipsrv_api -->
