<?xml version="1.0" encoding="UTF-8"?>
<!-- Generated by org.testng.reporters.JUnitReportReporter -->
<testsuite hostname="HbpSoft" failures="0" tests="1" name="com.test.iipsrv_api.apollo6_iipsrv_api" time="1.496" errors="0" timestamp="2024-05-20T13:17:26 IST" skipped="0">
  <testcase classname="com.test.iipsrv_api.apollo6_iipsrv_api" name="iipsrv" time="1.496"/>
</testsuite> <!-- com.test.iipsrv_api.apollo6_iipsrv_api -->
